# JRE version: OpenJDK Runtime Environment (8.0_242-b08) (build 1.8.0_242-8u242-b08-0ubuntu3~18.04-b08)
# Java VM: OpenJDK 64-Bit Server VM (25.242-b08 mixed mode linux-amd64 compressed oops)
Heap:
 PSYoungGen      total 223744K, used 113614K [0x00000000f0000000, 0x0000000100000000, 0x0000000100000000)
  eden space 185856K, 47% used [0x00000000f0000000,0x00000000f5572328,0x00000000fb580000)
  from space 37888K, 68% used [0x00000000fb580000,0x00000000fcf016b8,0x00000000fda80000)
  to   space 37888K, 0% used [0x00000000fdb00000,0x00000000fdb00000,0x0000000100000000)
 ParOldGen       total 524288K, used 229401K [0x00000000d0000000, 0x00000000f0000000, 0x00000000f0000000)
  object space 524288K, 43% used [0x00000000d0000000,0x00000000de006760,0x00000000f0000000)
 Metaspace       used 115424K, capacity 124390K, committed 124492K, reserved 1157120K
  class space    used 14037K, capacity 16504K, committed 16512K, reserved 1048576K
GC Heap History (10 events):
Event: 36985.932 GC heap before
{Heap before GC invocations=161 (full 4):
 PSYoungGen      total 222208K, used 215055K [0x00000000f0000000, 0x0000000100000000, 0x0000000100000000)
  eden space 186368K, 100% used [0x00000000f0000000,0x00000000fb600000,0x00000000fb600000)
  from space 35840K, 80% used [0x00000000fdd00000,0x00000000ff903f18,0x0000000100000000)
  to   space 37888K, 0% used [0x00000000fb600000,0x00000000fb600000,0x00000000fdb00000)
 ParOldGen       total 524288K, used 222312K [0x00000000d0000000, 0x00000000f0000000, 0x00000000f0000000)
  object space 524288K, 42% used [0x00000000d0000000,0x00000000dd91a008,0x00000000f0000000)
 Metaspace       used 108912K, capacity 117700K, committed 117964K, reserved 1150976K
  class space    used 13648K, capacity 16028K, committed 16128K, reserved 1048576K
Event: 36985.943 GC heap after
Heap after GC invocations=161 (full 4):
 PSYoungGen      total 214016K, used 27181K [0x00000000f0000000, 0x0000000100000000, 0x0000000100000000)
  eden space 186368K, 0% used [0x00000000f0000000,0x00000000f0000000,0x00000000fb600000)
  from space 27648K, 98% used [0x00000000fb600000,0x00000000fd08b678,0x00000000fd100000)
  to   space 38400K, 0% used [0x00000000fda80000,0x00000000fda80000,0x0000000100000000)
 ParOldGen       total 524288K, used 226947K [0x00000000d0000000, 0x00000000f0000000, 0x00000000f0000000)
  object space 524288K, 43% used [0x00000000d0000000,0x00000000ddda0d10,0x00000000f0000000)
 Metaspace       used 108912K, capacity 117700K, committed 117964K, reserved 1150976K
  class space    used 13648K, capacity 16028K, committed 16128K, reserved 1048576K
}
Event: 37204.580 GC heap before
{Heap before GC invocations=162 (full 4):
 PSYoungGen      total 214016K, used 213549K [0x00000000f0000000, 0x0000000100000000, 0x0000000100000000)
  eden space 186368K, 100% used [0x00000000f0000000,0x00000000fb600000,0x00000000fb600000)
  from space 27648K, 98% used [0x00000000fb600000,0x00000000fd08b678,0x00000000fd100000)
  to   space 38400K, 0% used [0x00000000fda80000,0x00000000fda80000,0x0000000100000000)
 ParOldGen       total 524288K, used 226947K [0x00000000d0000000, 0x00000000f0000000, 0x00000000f0000000)
  object space 524288K, 43% used [0x00000000d0000000,0x00000000ddda0d10,0x00000000f0000000)
 Metaspace       used 110687K, capacity 119478K, committed 119500K, reserved 1153024K
  class space    used 13749K, capacity 16128K, committed 16128K, reserved 1048576K
Event: 37204.595 GC heap after
Heap after GC invocations=162 (full 4):
 PSYoungGen      total 223744K, used 26077K [0x00000000f0000000, 0x0000000100000000, 0x0000000100000000)
  eden space 185344K, 0% used [0x00000000f0000000,0x00000000f0000000,0x00000000fb500000)
  from space 38400K, 67% used [0x00000000fda80000,0x00000000ff3f7410,0x0000000100000000)
  to   space 38400K, 0% used [0x00000000fb500000,0x00000000fb500000,0x00000000fda80000)
 ParOldGen       total 524288K, used 229105K [0x00000000d0000000, 0x00000000f0000000, 0x00000000f0000000)
  object space 524288K, 43% used [0x00000000d0000000,0x00000000ddfbc760,0x00000000f0000000)
 Metaspace       used 110687K, capacity 119478K, committed 119500K, reserved 1153024K
  class space    used 13749K, capacity 16128K, committed 16128K, reserved 1048576K
}
Event: 37332.577 GC heap before
{Heap before GC invocations=163 (full 4):
 PSYoungGen      total 223744K, used 211421K [0x00000000f0000000, 0x0000000100000000, 0x0000000100000000)
  eden space 185344K, 100% used [0x00000000f0000000,0x00000000fb500000,0x00000000fb500000)
  from space 38400K, 67% used [0x00000000fda80000,0x00000000ff3f7410,0x0000000100000000)
  to   space 38400K, 0% used [0x00000000fb500000,0x00000000fb500000,0x00000000fda80000)
 ParOldGen       total 524288K, used 229105K [0x00000000d0000000, 0x00000000f0000000, 0x00000000f0000000)
  object space 524288K, 43% used [0x00000000d0000000,0x00000000ddfbc760,0x00000000f0000000)
 Metaspace       used 110985K, capacity 119836K, committed 120140K, reserved 1153024K
  class space    used 13761K, capacity 16161K, committed 16256K, reserved 1048576K
Event: 37332.597 GC heap after
Heap after GC invocations=163 (full 4):
 PSYoungGen      total 223744K, used 26033K [0x00000000f0000000, 0x0000000100000000, 0x0000000100000000)
  eden space 185344K, 0% used [0x00000000f0000000,0x00000000f0000000,0x00000000fb500000)
  from space 38400K, 67% used [0x00000000fb500000,0x00000000fce6c640,0x00000000fda80000)
  to   space 38400K, 0% used [0x00000000fda80000,0x00000000fda80000,0x0000000100000000)
 ParOldGen       total 524288K, used 229201K [0x00000000d0000000, 0x00000000f0000000, 0x00000000f0000000)
  object space 524288K, 43% used [0x00000000d0000000,0x00000000ddfd4760,0x00000000f0000000)
 Metaspace       used 110985K, capacity 119836K, committed 120140K, reserved 1153024K
  class space    used 13761K, capacity 16161K, committed 16256K, reserved 1048576K
}
Event: 37653.923 GC heap before
{Heap before GC invocations=164 (full 4):
 PSYoungGen      total 223744K, used 211377K [0x00000000f0000000, 0x0000000100000000, 0x0000000100000000)
  eden space 185344K, 100% used [0x00000000f0000000,0x00000000fb500000,0x00000000fb500000)
  from space 38400K, 67% used [0x00000000fb500000,0x00000000fce6c640,0x00000000fda80000)
  to   space 38400K, 0% used [0x00000000fda80000,0x00000000fda80000,0x0000000100000000)
 ParOldGen       total 524288K, used 229201K [0x00000000d0000000, 0x00000000f0000000, 0x00000000f0000000)
  object space 524288K, 43% used [0x00000000d0000000,0x00000000ddfd4760,0x00000000f0000000)
 Metaspace       used 111360K, capacity 120162K, committed 120396K, reserved 1153024K
  class space    used 13780K, capacity 16163K, committed 16256K, reserved 1048576K
Event: 37653.941 GC heap after
Heap after GC invocations=164 (full 4):
 PSYoungGen      total 224256K, used 25872K [0x00000000f0000000, 0x0000000100000000, 0x0000000100000000)
  eden space 185856K, 0% used [0x00000000f0000000,0x00000000f0000000,0x00000000fb580000)
  from space 38400K, 67% used [0x00000000fda80000,0x00000000ff3c40f8,0x0000000100000000)
  to   space 37888K, 0% used [0x00000000fb580000,0x00000000fb580000,0x00000000fda80000)
 ParOldGen       total 524288K, used 229281K [0x00000000d0000000, 0x00000000f0000000, 0x00000000f0000000)
  object space 524288K, 43% used [0x00000000d0000000,0x00000000ddfe8760,0x00000000f0000000)
 Metaspace       used 111360K, capacity 120162K, committed 120396K, reserved 1153024K
  class space    used 13780K, capacity 16163K, committed 16256K, reserved 1048576K
}
Event: 37853.204 GC heap before
{Heap before GC invocations=165 (full 4):
 PSYoungGen      total 224256K, used 211728K [0x00000000f0000000, 0x0000000100000000, 0x0000000100000000)
  eden space 185856K, 100% used [0x00000000f0000000,0x00000000fb580000,0x00000000fb580000)
  from space 38400K, 67% used [0x00000000fda80000,0x00000000ff3c40f8,0x0000000100000000)
  to   space 37888K, 0% used [0x00000000fb580000,0x00000000fb580000,0x00000000fda80000)
 ParOldGen       total 524288K, used 229281K [0x00000000d0000000, 0x00000000f0000000, 0x00000000f0000000)
  object space 524288K, 43% used [0x00000000d0000000,0x00000000ddfe8760,0x00000000f0000000)
 Metaspace       used 115238K, capacity 124180K, committed 124236K, reserved 1157120K
  class space    used 14017K, capacity 16456K, committed 16512K, reserved 1048576K
Event: 37853.219 GC heap after
Heap after GC invocations=165 (full 4):
 PSYoungGen      total 223744K, used 26117K [0x00000000f0000000, 0x0000000100000000, 0x0000000100000000)
  eden space 185856K, 0% used [0x00000000f0000000,0x00000000f0000000,0x00000000fb580000)
  from space 37888K, 68% used [0x00000000fb580000,0x00000000fcf016b8,0x00000000fda80000)
  to   space 37888K, 0% used [0x00000000fdb00000,0x00000000fdb00000,0x0000000100000000)
 ParOldGen       total 524288K, used 229401K [0x00000000d0000000, 0x00000000f0000000, 0x00000000f0000000)
  object space 524288K, 43% used [0x00000000d0000000,0x00000000de006760,0x00000000f0000000)
 Metaspace       used 115238K, capacity 124180K, committed 124236K, reserved 1157120K
  class space    used 14017K, capacity 16456K, committed 16512K, reserved 1048576K
}

