# JRE version: OpenJDK Runtime Environment (8.0_242-b08) (build 1.8.0_242-8u242-b08-0ubuntu3~18.04-b08)
# Java VM: OpenJDK 64-Bit Server VM (25.242-b08 mixed mode linux-amd64 compressed oops)
Heap:
 PSYoungGen      total 221184K, used 171139K [0x00000000f0000000, 0x0000000100000000, 0x0000000100000000)
  eden space 179200K, 86% used [0x00000000f0000000,0x00000000f96f6860,0x00000000faf00000)
  from space 41984K, 39% used [0x00000000fd700000,0x00000000fe72a6d8,0x0000000100000000)
  to   space 40960K, 0% used [0x00000000faf00000,0x00000000faf00000,0x00000000fd700000)
 ParOldGen       total 524288K, used 149750K [0x00000000d0000000, 0x00000000f0000000, 0x00000000f0000000)
  object space 524288K, 28% used [0x00000000d0000000,0x00000000d923da38,0x00000000f0000000)
 Metaspace       used 90970K, capacity 97812K, committed 98048K, reserved 1132544K
  class space    used 12400K, capacity 14250K, committed 14336K, reserved 1048576K
GC Heap History (10 events):
Event: 5724.984 GC heap before
{Heap before GC invocations=79 (full 3):
 PSYoungGen      total 215552K, used 196697K [0x00000000f0000000, 0x0000000100000000, 0x0000000100000000)
  eden space 170496K, 99% used [0x00000000f0000000,0x00000000fa67be70,0x00000000fa680000)
  from space 45056K, 58% used [0x00000000fa680000,0x00000000fc01a7b8,0x00000000fd280000)
  to   space 43520K, 0% used [0x00000000fd580000,0x00000000fd580000,0x0000000100000000)
 ParOldGen       total 524288K, used 149263K [0x00000000d0000000, 0x00000000f0000000, 0x00000000f0000000)
  object space 524288K, 28% used [0x00000000d0000000,0x00000000d91c3d60,0x00000000f0000000)
 Metaspace       used 85507K, capacity 92018K, committed 92288K, reserved 1128448K
  class space    used 11682K, capacity 13376K, committed 13440K, reserved 1048576K
Event: 5724.999 GC heap after
Heap after GC invocations=79 (full 3):
 PSYoungGen      total 218624K, used 13759K [0x00000000f0000000, 0x0000000100000000, 0x0000000100000000)
  eden space 175104K, 0% used [0x00000000f0000000,0x00000000f0000000,0x00000000fab00000)
  from space 43520K, 31% used [0x00000000fd580000,0x00000000fe2efda0,0x0000000100000000)
  to   space 43520K, 0% used [0x00000000fab00000,0x00000000fab00000,0x00000000fd580000)
 ParOldGen       total 524288K, used 149398K [0x00000000d0000000, 0x00000000f0000000, 0x00000000f0000000)
  object space 524288K, 28% used [0x00000000d0000000,0x00000000d91e5a38,0x00000000f0000000)
 Metaspace       used 85507K, capacity 92018K, committed 92288K, reserved 1128448K
  class space    used 11682K, capacity 13376K, committed 13440K, reserved 1048576K
}
Event: 5870.956 GC heap before
{Heap before GC invocations=80 (full 3):
 PSYoungGen      total 218624K, used 188863K [0x00000000f0000000, 0x0000000100000000, 0x0000000100000000)
  eden space 175104K, 100% used [0x00000000f0000000,0x00000000fab00000,0x00000000fab00000)
  from space 43520K, 31% used [0x00000000fd580000,0x00000000fe2efda0,0x0000000100000000)
  to   space 43520K, 0% used [0x00000000fab00000,0x00000000fab00000,0x00000000fd580000)
 ParOldGen       total 524288K, used 149398K [0x00000000d0000000, 0x00000000f0000000, 0x00000000f0000000)
  object space 524288K, 28% used [0x00000000d0000000,0x00000000d91e5a38,0x00000000f0000000)
 Metaspace       used 86110K, capacity 92694K, committed 92928K, reserved 1128448K
  class space    used 11797K, capacity 13515K, committed 13568K, reserved 1048576K
Event: 5870.962 GC heap after
Heap after GC invocations=80 (full 3):
 PSYoungGen      total 218624K, used 13255K [0x00000000f0000000, 0x0000000100000000, 0x0000000100000000)
  eden space 175104K, 0% used [0x00000000f0000000,0x00000000f0000000,0x00000000fab00000)
  from space 43520K, 30% used [0x00000000fab00000,0x00000000fb7f1fd8,0x00000000fd580000)
  to   space 43520K, 0% used [0x00000000fd580000,0x00000000fd580000,0x0000000100000000)
 ParOldGen       total 524288K, used 149462K [0x00000000d0000000, 0x00000000f0000000, 0x00000000f0000000)
  object space 524288K, 28% used [0x00000000d0000000,0x00000000d91f5a38,0x00000000f0000000)
 Metaspace       used 86110K, capacity 92694K, committed 92928K, reserved 1128448K
  class space    used 11797K, capacity 13515K, committed 13568K, reserved 1048576K
}
Event: 6075.042 GC heap before
{Heap before GC invocations=81 (full 3):
 PSYoungGen      total 218624K, used 186658K [0x00000000f0000000, 0x0000000100000000, 0x0000000100000000)
  eden space 175104K, 99% used [0x00000000f0000000,0x00000000fa956bd8,0x00000000fab00000)
  from space 43520K, 30% used [0x00000000fab00000,0x00000000fb7f1fd8,0x00000000fd580000)
  to   space 43520K, 0% used [0x00000000fd580000,0x00000000fd580000,0x0000000100000000)
 ParOldGen       total 524288K, used 149462K [0x00000000d0000000, 0x00000000f0000000, 0x00000000f0000000)
  object space 524288K, 28% used [0x00000000d0000000,0x00000000d91f5a38,0x00000000f0000000)
 Metaspace       used 89489K, capacity 96198K, committed 96384K, reserved 1132544K
  class space    used 12184K, capacity 13950K, committed 13952K, reserved 1048576K
Event: 6075.049 GC heap after
Heap after GC invocations=81 (full 3):
 PSYoungGen      total 219648K, used 17776K [0x00000000f0000000, 0x0000000100000000, 0x0000000100000000)
  eden space 176128K, 0% used [0x00000000f0000000,0x00000000f0000000,0x00000000fac00000)
  from space 43520K, 40% used [0x00000000fd580000,0x00000000fe6dc018,0x0000000100000000)
  to   space 42496K, 0% used [0x00000000fac00000,0x00000000fac00000,0x00000000fd580000)
 ParOldGen       total 524288K, used 149566K [0x00000000d0000000, 0x00000000f0000000, 0x00000000f0000000)
  object space 524288K, 28% used [0x00000000d0000000,0x00000000d920fa38,0x00000000f0000000)
 Metaspace       used 89489K, capacity 96198K, committed 96384K, reserved 1132544K
  class space    used 12184K, capacity 13950K, committed 13952K, reserved 1048576K
}
Event: 6166.251 GC heap before
{Heap before GC invocations=82 (full 3):
 PSYoungGen      total 219648K, used 193904K [0x00000000f0000000, 0x0000000100000000, 0x0000000100000000)
  eden space 176128K, 100% used [0x00000000f0000000,0x00000000fac00000,0x00000000fac00000)
  from space 43520K, 40% used [0x00000000fd580000,0x00000000fe6dc018,0x0000000100000000)
  to   space 42496K, 0% used [0x00000000fac00000,0x00000000fac00000,0x00000000fd580000)
 ParOldGen       total 524288K, used 149566K [0x00000000d0000000, 0x00000000f0000000, 0x00000000f0000000)
  object space 524288K, 28% used [0x00000000d0000000,0x00000000d920fa38,0x00000000f0000000)
 Metaspace       used 89641K, capacity 96434K, committed 96512K, reserved 1132544K
  class space    used 12216K, capacity 14036K, committed 14080K, reserved 1048576K
Event: 6166.258 GC heap after
Heap after GC invocations=82 (full 3):
 PSYoungGen      total 218624K, used 15753K [0x00000000f0000000, 0x0000000100000000, 0x0000000100000000)
  eden space 176128K, 0% used [0x00000000f0000000,0x00000000f0000000,0x00000000fac00000)
  from space 42496K, 37% used [0x00000000fac00000,0x00000000fbb62740,0x00000000fd580000)
  to   space 41984K, 0% used [0x00000000fd700000,0x00000000fd700000,0x0000000100000000)
 ParOldGen       total 524288K, used 149670K [0x00000000d0000000, 0x00000000f0000000, 0x00000000f0000000)
  object space 524288K, 28% used [0x00000000d0000000,0x00000000d9229a38,0x00000000f0000000)
 Metaspace       used 89641K, capacity 96434K, committed 96512K, reserved 1132544K
  class space    used 12216K, capacity 14036K, committed 14080K, reserved 1048576K
}
Event: 6569.747 GC heap before
{Heap before GC invocations=83 (full 3):
 PSYoungGen      total 218624K, used 191881K [0x00000000f0000000, 0x0000000100000000, 0x0000000100000000)
  eden space 176128K, 100% used [0x00000000f0000000,0x00000000fac00000,0x00000000fac00000)
  from space 42496K, 37% used [0x00000000fac00000,0x00000000fbb62740,0x00000000fd580000)
  to   space 41984K, 0% used [0x00000000fd700000,0x00000000fd700000,0x0000000100000000)
 ParOldGen       total 524288K, used 149670K [0x00000000d0000000, 0x00000000f0000000, 0x00000000f0000000)
  object space 524288K, 28% used [0x00000000d0000000,0x00000000d9229a38,0x00000000f0000000)
 Metaspace       used 90265K, capacity 97054K, committed 97152K, reserved 1132544K
  class space    used 12328K, capacity 14136K, committed 14208K, reserved 1048576K
Event: 6569.754 GC heap after
Heap after GC invocations=83 (full 3):
 PSYoungGen      total 221184K, used 16553K [0x00000000f0000000, 0x0000000100000000, 0x0000000100000000)
  eden space 179200K, 0% used [0x00000000f0000000,0x00000000f0000000,0x00000000faf00000)
  from space 41984K, 39% used [0x00000000fd700000,0x00000000fe72a6d8,0x0000000100000000)
  to   space 40960K, 0% used [0x00000000faf00000,0x00000000faf00000,0x00000000fd700000)
 ParOldGen       total 524288K, used 149750K [0x00000000d0000000, 0x00000000f0000000, 0x00000000f0000000)
  object space 524288K, 28% used [0x00000000d0000000,0x00000000d923da38,0x00000000f0000000)
 Metaspace       used 90265K, capacity 97054K, committed 97152K, reserved 1132544K
  class space    used 12328K, capacity 14136K, committed 14208K, reserved 1048576K
}

