# JRE version: OpenJDK Runtime Environment (8.0_242-b08) (build 1.8.0_242-8u242-b08-0ubuntu3~18.04-b08)
# Java VM: OpenJDK 64-Bit Server VM (25.242-b08 mixed mode linux-amd64 compressed oops)
Heap:
 PSYoungGen      total 208896K, used 71035K [0x00000000f0000000, 0x0000000100000000, 0x0000000100000000)
  eden space 156672K, 12% used [0x00000000f0000000,0x00000000f12c51f8,0x00000000f9900000)
  from space 52224K, 99% used [0x00000000f9900000,0x00000000fcb99ca0,0x00000000fcc00000)
  to   space 53248K, 0% used [0x00000000fcc00000,0x00000000fcc00000,0x0000000100000000)
 ParOldGen       total 524288K, used 182830K [0x00000000d0000000, 0x00000000f0000000, 0x00000000f0000000)
  object space 524288K, 34% used [0x00000000d0000000,0x00000000db28b880,0x00000000f0000000)
 Metaspace       used 108302K, capacity 116862K, committed 117068K, reserved 1150976K
  class space    used 14238K, capacity 16362K, committed 16460K, reserved 1048576K
GC Heap History (10 events):
Event: 32236.489 GC heap before
{Heap before GC invocations=141 (full 4):
 PSYoungGen      total 220160K, used 220137K [0x00000000f0000000, 0x0000000100000000, 0x0000000100000000)
  eden space 203776K, 100% used [0x00000000f0000000,0x00000000fc700000,0x00000000fc700000)
  from space 16384K, 99% used [0x00000000ff000000,0x00000000ffffa4a8,0x0000000100000000)
  to   space 29184K, 0% used [0x00000000fc700000,0x00000000fc700000,0x00000000fe380000)
 ParOldGen       total 524288K, used 169916K [0x00000000d0000000, 0x00000000f0000000, 0x00000000f0000000)
  object space 524288K, 32% used [0x00000000d0000000,0x00000000da5ef2b8,0x00000000f0000000)
 Metaspace       used 99030K, capacity 107234K, committed 107340K, reserved 1140736K
  class space    used 13657K, capacity 15618K, committed 15692K, reserved 1048576K
Event: 32236.502 GC heap after
Heap after GC invocations=141 (full 4):
 PSYoungGen      total 232960K, used 29178K [0x00000000f0000000, 0x0000000100000000, 0x0000000100000000)
  eden space 203776K, 0% used [0x00000000f0000000,0x00000000f0000000,0x00000000fc700000)
  from space 29184K, 99% used [0x00000000fc700000,0x00000000fe37ea90,0x00000000fe380000)
  to   space 29184K, 0% used [0x00000000fe380000,0x00000000fe380000,0x0000000100000000)
 ParOldGen       total 524288K, used 174100K [0x00000000d0000000, 0x00000000f0000000, 0x00000000f0000000)
  object space 524288K, 33% used [0x00000000d0000000,0x00000000daa05280,0x00000000f0000000)
 Metaspace       used 99030K, capacity 107234K, committed 107340K, reserved 1140736K
  class space    used 13657K, capacity 15618K, committed 15692K, reserved 1048576K
}
Event: 32266.735 GC heap before
{Heap before GC invocations=142 (full 4):
 PSYoungGen      total 232960K, used 232954K [0x00000000f0000000, 0x0000000100000000, 0x0000000100000000)
  eden space 203776K, 100% used [0x00000000f0000000,0x00000000fc700000,0x00000000fc700000)
  from space 29184K, 99% used [0x00000000fc700000,0x00000000fe37ea90,0x00000000fe380000)
  to   space 29184K, 0% used [0x00000000fe380000,0x00000000fe380000,0x0000000100000000)
 ParOldGen       total 524288K, used 174100K [0x00000000d0000000, 0x00000000f0000000, 0x00000000f0000000)
  object space 524288K, 33% used [0x00000000d0000000,0x00000000daa05280,0x00000000f0000000)
 Metaspace       used 100066K, capacity 108422K, committed 108748K, reserved 1142784K
  class space    used 13720K, capacity 15747K, committed 15820K, reserved 1048576K
Event: 32266.755 GC heap after
Heap after GC invocations=142 (full 4):
 PSYoungGen      total 209408K, used 29166K [0x00000000f0000000, 0x0000000100000000, 0x0000000100000000)
  eden space 180224K, 0% used [0x00000000f0000000,0x00000000f0000000,0x00000000fb000000)
  from space 29184K, 99% used [0x00000000fe380000,0x00000000ffffb810,0x0000000100000000)
  to   space 40960K, 0% used [0x00000000fb000000,0x00000000fb000000,0x00000000fd800000)
 ParOldGen       total 524288K, used 181441K [0x00000000d0000000, 0x00000000f0000000, 0x00000000f0000000)
  object space 524288K, 34% used [0x00000000d0000000,0x00000000db1305d8,0x00000000f0000000)
 Metaspace       used 100066K, capacity 108422K, committed 108748K, reserved 1142784K
  class space    used 13720K, capacity 15747K, committed 15820K, reserved 1048576K
}
Event: 32271.221 GC heap before
{Heap before GC invocations=143 (full 4):
 PSYoungGen      total 209408K, used 209390K [0x00000000f0000000, 0x0000000100000000, 0x0000000100000000)
  eden space 180224K, 100% used [0x00000000f0000000,0x00000000fb000000,0x00000000fb000000)
  from space 29184K, 99% used [0x00000000fe380000,0x00000000ffffb810,0x0000000100000000)
  to   space 40960K, 0% used [0x00000000fb000000,0x00000000fb000000,0x00000000fd800000)
 ParOldGen       total 524288K, used 181441K [0x00000000d0000000, 0x00000000f0000000, 0x00000000f0000000)
  object space 524288K, 34% used [0x00000000d0000000,0x00000000db1305d8,0x00000000f0000000)
 Metaspace       used 100804K, capacity 109166K, committed 109388K, reserved 1142784K
  class space    used 13764K, capacity 15791K, committed 15948K, reserved 1048576K
Event: 32271.245 GC heap after
Heap after GC invocations=143 (full 4):
 PSYoungGen      total 216576K, used 36232K [0x00000000f0000000, 0x0000000100000000, 0x0000000100000000)
  eden space 180224K, 0% used [0x00000000f0000000,0x00000000f0000000,0x00000000fb000000)
  from space 36352K, 99% used [0x00000000fb000000,0x00000000fd362158,0x00000000fd380000)
  to   space 45568K, 0% used [0x00000000fd380000,0x00000000fd380000,0x0000000100000000)
 ParOldGen       total 524288K, used 181606K [0x00000000d0000000, 0x00000000f0000000, 0x00000000f0000000)
  object space 524288K, 34% used [0x00000000d0000000,0x00000000db159a80,0x00000000f0000000)
 Metaspace       used 100804K, capacity 109166K, committed 109388K, reserved 1142784K
  class space    used 13764K, capacity 15791K, committed 15948K, reserved 1048576K
}
Event: 32279.717 GC heap before
{Heap before GC invocations=144 (full 4):
 PSYoungGen      total 216576K, used 216456K [0x00000000f0000000, 0x0000000100000000, 0x0000000100000000)
  eden space 180224K, 100% used [0x00000000f0000000,0x00000000fb000000,0x00000000fb000000)
  from space 36352K, 99% used [0x00000000fb000000,0x00000000fd362158,0x00000000fd380000)
  to   space 45568K, 0% used [0x00000000fd380000,0x00000000fd380000,0x0000000100000000)
 ParOldGen       total 524288K, used 181606K [0x00000000d0000000, 0x00000000f0000000, 0x00000000f0000000)
  object space 524288K, 34% used [0x00000000d0000000,0x00000000db159a80,0x00000000f0000000)
 Metaspace       used 104553K, capacity 113038K, committed 113356K, reserved 1146880K
  class space    used 13944K, capacity 15979K, committed 16076K, reserved 1048576K
Event: 32279.736 GC heap after
Heap after GC invocations=144 (full 4):
 PSYoungGen      total 202240K, used 45536K [0x00000000f0000000, 0x0000000100000000, 0x0000000100000000)
  eden space 156672K, 0% used [0x00000000f0000000,0x00000000f0000000,0x00000000f9900000)
  from space 45568K, 99% used [0x00000000fd380000,0x00000000ffff83c8,0x0000000100000000)
  to   space 52736K, 0% used [0x00000000f9900000,0x00000000f9900000,0x00000000fcc80000)
 ParOldGen       total 524288K, used 181990K [0x00000000d0000000, 0x00000000f0000000, 0x00000000f0000000)
  object space 524288K, 34% used [0x00000000d0000000,0x00000000db1b9a80,0x00000000f0000000)
 Metaspace       used 104553K, capacity 113038K, committed 113356K, reserved 1146880K
  class space    used 13944K, capacity 15979K, committed 16076K, reserved 1048576K
}
Event: 32395.555 GC heap before
{Heap before GC invocations=145 (full 4):
 PSYoungGen      total 202240K, used 202208K [0x00000000f0000000, 0x0000000100000000, 0x0000000100000000)
  eden space 156672K, 100% used [0x00000000f0000000,0x00000000f9900000,0x00000000f9900000)
  from space 45568K, 99% used [0x00000000fd380000,0x00000000ffff83c8,0x0000000100000000)
  to   space 52736K, 0% used [0x00000000f9900000,0x00000000f9900000,0x00000000fcc80000)
 ParOldGen       total 524288K, used 181990K [0x00000000d0000000, 0x00000000f0000000, 0x00000000f0000000)
  object space 524288K, 34% used [0x00000000d0000000,0x00000000db1b9a80,0x00000000f0000000)
 Metaspace       used 108196K, capacity 116798K, committed 117068K, reserved 1150976K
  class space    used 14210K, capacity 16362K, committed 16460K, reserved 1048576K
Event: 32395.581 GC heap after
Heap after GC invocations=145 (full 4):
 PSYoungGen      total 208896K, used 51815K [0x00000000f0000000, 0x0000000100000000, 0x0000000100000000)
  eden space 156672K, 0% used [0x00000000f0000000,0x00000000f0000000,0x00000000f9900000)
  from space 52224K, 99% used [0x00000000f9900000,0x00000000fcb99ca0,0x00000000fcc00000)
  to   space 53248K, 0% used [0x00000000fcc00000,0x00000000fcc00000,0x0000000100000000)
 ParOldGen       total 524288K, used 182830K [0x00000000d0000000, 0x00000000f0000000, 0x00000000f0000000)
  object space 524288K, 34% used [0x00000000d0000000,0x00000000db28b880,0x00000000f0000000)
 Metaspace       used 108196K, capacity 116798K, committed 117068K, reserved 1150976K
  class space    used 14210K, capacity 16362K, committed 16460K, reserved 1048576K
}

